{"level":"info","message":"Data updated successfully.","newData":"Hello World","newHash":"a591a6d40bf420404a011733cfb7b190d62c65bf0bcda32b57b277d9ad9f146e"}
{"level":"info","message":"Data updated successfully.","newData":"Hello World","newHash":"a591a6d40bf420404a011733cfb7b190d62c65bf0bcda32b57b277d9ad9f146e"}
{"level":"info","message":"Data updated successfully.","newData":"Hello World","newHash":"a591a6d40bf420404a011733cfb7b190d62c65bf0bcda32b57b277d9ad9f146e","timestamp":"2024-01-10T01:38:54.447Z"}
{"level":"info","message":"Data updated successfully.","newData":"Ram","newHash":"76e11af94d353c6edf577441a23d0f5ebe7b3beb5fc36afd05987c3c14b46830","timestamp":"2024-01-10T01:40:18.689Z"}
{"level":"info","message":"Data updated successfully.","newData":"","newHash":"e3b0c44298fc1c149afbf4c8996fb92427ae41e4649b934ca495991b7852b855","timestamp":"2024-01-10T02:28:50.946Z"}
{"level":"info","message":"Data updated successfully.","newData":"Hello","newHash":"185f8db32271fe25f561a6fc938b2e264306ec304eda518007d1764826381969","timestamp":"2024-01-10T03:08:22.970Z"}
{"level":"info","message":"Data updated successfully.","newData":"Hello","newHash":"U2FsdGVkX197bHGiVOQfdnQxBdtF2ugrb/gSC8JR62eoHLAHMgw3IeQqUnDLQLiV+x0/UUc/JAnksxU+PtYpgOrfJamx9YN39txEZkhMWd3uZzrzxHXIVKN6zJRwApVG","timestamp":"2024-01-10T04:27:07.254Z"}
{"level":"info","message":"Data updated successfully.","newData":"Hello","newHash":"U2FsdGVkX18A6L8cffMYINbPjwPT0GsxvsU1J3NvxKpOvLCgyLD6k1Z/+PtAfZ4nQCZjZL4uNOSckU3yHjDpbUZIyolGJp8Eo2da6UeTR1xMtc9fKwZnaKsIJTSnqUnK","timestamp":"2024-01-10T04:27:13.563Z"}
{"level":"info","message":"Data updated successfully.","newData":"Hello","newHash":"U2FsdGVkX191z+WwnaIn4L3S0l2pNCiuNmlhWCMjPgvZ8v4aIYSfTKbmi3IHdwVNkYkPXRcwJnuUem+bJCLbm5PCgN9ftK7cxKEeez1lGy3SGg/3tfyrDeQHMCdVDlti","timestamp":"2024-01-10T04:27:25.398Z"}
{"level":"info","message":"Data updated successfully.","newData":"Hello","newHash":"U2FsdGVkX18929dxKupLP6ngPm2lDg3p5PV9TK0OyMtQilszOfgxjKyuE/AFOey4F1eTb0ex96tdN2CRidin3puha1nmhIiyVGxhZHQJFKC4Iw8IPQZNVit1VOT8jEPY","timestamp":"2024-01-10T04:33:18.963Z"}
{"level":"info","message":"Data updated successfully.","newData":"Ram","newHash":"U2FsdGVkX18vzoTjvvddpy6JYIEIXyFVtGb3BEFC13Dia+7/VuEUz16dR+trYRk4+yZ/onC5ikTlNO4JnWo0GHHHT5/Imf9VGGYTeI7aXd091kbWIhaCF7yqNzUNbw4I","timestamp":"2024-01-10T04:37:36.374Z"}
{"level":"info","message":"Data updated successfully.","newData":"HEEE","newHash":"a591a6d40bf420404a011733cfb7b190d62c65bf0bcda32b57b277d9ad9f146e","timestamp":"2024-01-10T04:38:22.843Z"}
{"level":"info","message":"Data updated successfully.","newData":"hi","newHash":"U2FsdGVkX1/lj9OoPCGEZt8VFfgtRSxy7bu6hAi1g7dsCuEO5241DpoS6BMVc5OnY2uUf14cH4QLqKKCq9CZiHpb/EAGMexOMyrGV67sGHBz74ZVSVCdMvR2w2ZDwER+","timestamp":"2024-01-10T05:00:05.414Z"}
{"level":"info","message":"Data updated successfully.","newData":"hi","newHash":"U2FsdGVkX1/T3CchBUCxrrC6l+2RJ7QK12xoUiwMButmjF635ulRZCpVjBOyInkcfltSO4oy1pyebq8DukBkzY8YQf7sugp/glSJWSmEIS6vrZCWUGXII1ZDNk6gMTCU","timestamp":"2024-01-10T05:01:29.173Z"}
{"level":"info","message":"Data updated successfully.","newData":"hii","newHash":"U2FsdGVkX18Bgs+6GPAe+eKtTgSMyqD4G6yC0T9Xwe1S/HQ8huJyxQ5AjkNGKLhjYFgXO/S7GwQEniYWS0gRo5QC85ZCzNFlUUgkw3rCf1oyH38HjIalk4/GRJtRMwTa","timestamp":"2024-01-10T05:01:33.372Z"}
{"level":"info","message":"Data updated successfully.","newData":"Hi","newHash":"a591a6d40bf420404a011733cfb7b190d62c65bf0bcda32b57b277d9ad9f146e","timestamp":"2024-01-10T05:01:54.758Z"}
{"level":"info","message":"Data updated successfully.","newData":"hii!","newHash":"U2FsdGVkX19/bjZ/TR4muwEXOvBmFBgQM7k77UY0bdrruYYYxc3ssf4WDd4COkDhhyByEkE2MhmYoH1Wt0cgoLzdjCQsRUWFmyJYjkRNjrz2czMgPjoXCeeKCIHEuZBA","timestamp":"2024-01-10T05:02:08.122Z"}
{"level":"info","message":"Data updated successfully.","newData":"Hi","newHash":"a591a6d40bf420404a011733cfb7b190d62c65bf0bcda32b57b277d9ad9f146e","timestamp":"2024-01-10T05:05:46.085Z"}
{"level":"info","message":"Data updated successfully.","newData":"hii","newHash":"U2FsdGVkX19Y5Ij2iyyL/RKxCt2pgSyxngmlw2iwPO1UQPNH2A7P0O499iDvOVVqVO4gQsAvhnunXLuMirMZRFj2UmQ01QcQXOfLFfk8eRIzShYC1XyZl047v3V0+cFf","timestamp":"2024-01-10T05:05:54.970Z"}
{"level":"info","message":"Data updated successfully.","newData":"Hii","newHash":"U2FsdGVkX19QixCNfUBCrxn7dxVkuKFw7u5EIkRL3aDMe0aVNu5Pg8M75CX+ISg5GzokC7VzkOuhf+KxUXcfRI78CM8Acj+uIE90pV186IibeRH3QWeZzJ+ElHu+8ueF","timestamp":"2024-01-10T05:24:05.660Z"}
{"level":"info","message":"Data updated successfully.","newData":"Hi","newHash":"a591a6d40bf420404a011733cfb7b190d62c65bf0bcda32b57b277d9ad9f146e","timestamp":"2024-01-10T07:03:15.104Z"}
{"level":"info","message":"Data updated successfully.","newData":"Hii","newHash":"U2FsdGVkX18AxveZyYAC/n4whp7wFcLzDZjy9vHrXh3zc8/3nR2P4F5Nf0Bo8QKmmaG7BZJnMR4dI9uz7aUwHjFe6ujOYb1LII0nierFfUh+NdE8bwV3YONFe1WlSNzL","timestamp":"2024-01-10T07:03:28.528Z"}
{"level":"info","message":"Data updated successfully.","newData":"Fan","newHash":"U2FsdGVkX1/IWr5gMGlzfjY7yjoHk/pXiz8WHf09tL95vC/R17jEfcLrz+NcttR648MW2vAJxHKMRcTLFwJPwPKiGDuoNFG5OZXtuz15oCBru5RQP8h9j80hGKRfSez6","timestamp":"2024-01-10T07:03:35.844Z"}
{"level":"info","message":"Data updated successfully.","newData":"hii","newHash":"U2FsdGVkX18hLniSWVsLVzy6y/ScBPZebSdOCGKB64q8OELmvV8j+DdSTVPp7rf0hi3AtFUqT3WbFOVKkfJvna9920OdTf8LhcKHT33p4p4yRYpTLOSD3dkg1BqVhMk/","timestamp":"2024-01-10T20:20:34.519Z"}
{"level":"info","message":"Data updated successfully.","newData":"hii","newHash":"U2FsdGVkX1/VggPK9JpHUMZSR3gHxrJdsUph70RLWXcQAnWM1YkpajiwYwH5eZs76qm9lup1kpxpr7lScCM5Y2dRZLxAmQBxUw3vOXscoBdKTJuCTN2K7oJQczOXad6f","timestamp":"2024-01-10T20:21:13.317Z"}
{"level":"info","message":"Data updated successfully.","newData":"hi ra","newHash":"U2FsdGVkX19BqYTUug1Yz5TccfI/SnRRsPxcZQqKLALdoTLNT/rKx6P1qkCKmhkGrrNEV/1X3M1bQmD4x/abMGJemgOmd2sVZj8NBxVVt/WJaD/B0q0UBb27ocDCSaLW","timestamp":"2024-01-10T20:21:19.864Z"}
{"level":"info","message":"Data updated successfully.","newData":"hi ra","newHash":"a591a6d40bf420404a011733cfb7b190d62c65bf0bcda32b57b277d9ad9f146e","timestamp":"2024-01-10T20:23:08.351Z"}
